<?xml version="1.0" encoding="UTF-8"?>
<testsuite name="controllers.NoteAPITest$ArchiveNotes" tests="2" skipped="0" failures="0" errors="0" timestamp="2023-04-24T15:37:12" hostname="LAPTOP-AKQ5IE6U" time="0.006">
  <properties/>
  <testcase name="archiving an active note that exists returns true and archives()" classname="controllers.NoteAPITest$ArchiveNotes" time="0.002"/>
  <testcase name="archiving a note that does not exist returns false()" classname="controllers.NoteAPITest$ArchiveNotes" time="0.002"/>
  <system-out><![CDATA[]]></system-out>
  <system-err><![CDATA[]]></system-err>
</testsuite>
